Jun 17, 2019 12:46:45 PM com.nistha.Register connectDB
SEVERE: Hi,it's a SEVERE message of Register
Jun 17, 2019 12:46:46 PM com.nistha.Register connectDB
WARNING: Hi,it's a WARNING message of Register
Jun 17, 2019 12:46:46 PM com.nistha.Register connectDB
INFO: Hi,it's a INFO message of Register
Jun 17, 2019 12:46:46 PM com.nistha.Register connectDB
CONFIG: Hi,it's a CONFIG message of Register
Jun 17, 2019 12:46:46 PM com.nistha.Register store
SEVERE: Hi,it's a SEVERE message of store
Jun 17, 2019 12:46:46 PM com.nistha.Register store
WARNING: Hi,it's a WARNING message of store
Jun 17, 2019 12:46:46 PM com.nistha.Register store
INFO: Hi,it's a INFO message of store
Jun 17, 2019 12:46:46 PM com.nistha.Register store
CONFIG: Hi,it's a CONFIG message of store
Jun 17, 2019 12:46:46 PM com.nistha.Login validateUser
SEVERE: Hi,it's a SEVERE message of validateUser
Jun 17, 2019 12:46:46 PM com.nistha.Login validateUser
WARNING: Hi,it's a WARNING message of validateUser
Jun 17, 2019 12:46:46 PM com.nistha.Login validateUser
INFO: Hi,it's a INFO message of validateUser
Jun 17, 2019 12:46:46 PM com.nistha.Login validateUser
CONFIG: Hi,it's a CONFIG message of validateUser
